Arguments: 
  /data/data/com.termux/files/usr/bin/node /data/data/com.termux/files/usr/share/yarn/bin/yarn.js add io

PATH: 
  /data/data/com.termux/files/usr/bin

Yarn version: 
  1.22.19

Node version: 
  19.6.1

Platform: 
  android arm64

Trace: 
  Error: EACCES: permission denied, symlink '../../../mime/cli.js' -> '/storage/emulated/0/webweb/convertedimages/node_modules/io/node_modules/.bin/mime'

npm manifest: 
  {
    "dependencies": {
      "pil": "^0.1.1"
    }
  }

yarn manifest: 
  No manifest

Lockfile: 
  # THIS IS AN AUTOGENERATED FILE. DO NOT EDIT THIS FILE DIRECTLY.
  # yarn lockfile v1
  
  
  pil@^0.1.1:
    version "0.1.1"
    resolved "https://registry.yarnpkg.com/pil/-/pil-0.1.1.tgz#0d414e607c6ac938dc59e82b88e2837437a3958e"
    integrity sha512-FTelhKQZbsj46zOpKNbT+ZPf0/GqCgngwohy+wPR4M0tiaaXwuPuG2B/UW29FHSFl8nin6eEFOI5gf9IniRPhA==
